<?xml version="1.0" encoding="UTF-8"?>
<!-- Generated by org.testng.reporters.JUnitXMLReporter -->
<testsuite ignored="0" hostname="DESKTOP-BHR3PSD" failures="0" tests="4" name="Test" time="3.306" errors="0" timestamp="2024-03-11T21:01:07 IST">
  <testcase classname="ecom.LoginPage" name="loginToApp" time="2.714"/>
  <testcase classname="ecom.AddProduct" name="addProductToApp" time="0.335"/>
  <testcase classname="ecom.PlaceOrder" name="placingOrdertest" time="0.11"/>
  <testcase classname="ecom.DeleteProduct" name="deletingProduct" time="0.092"/>
</testsuite> <!-- Test -->
