<?xml version="1.0" encoding="UTF-8"?>
<testng-results ignored="0" total="1" passed="1" failed="0" skipped="0">
  <reporter-output>
  </reporter-output>
  <suite started-at="2024-03-21T09:52:47 IST" name="Default suite" finished-at="2024-03-21T09:52:48 IST" duration-ms="1688">
    <groups>
    </groups>
    <test started-at="2024-03-21T09:52:47 IST" name="Default test" finished-at="2024-03-21T09:52:48 IST" duration-ms="1688">
      <class name="basic.GetValue_FromReadyJson">
        <test-method signature="practiceJson()[pri:0, instance:basic.GetValue_FromReadyJson@3bb9a3ff]" started-at="2024-03-21T09:52:47 IST" name="practiceJson" finished-at="2024-03-21T09:52:48 IST" duration-ms="1620" status="PASS">
          <reporter-output>
          </reporter-output>
        </test-method> <!-- practiceJson -->
      </class> <!-- basic.GetValue_FromReadyJson -->
    </test> <!-- Default test -->
  </suite> <!-- Default suite -->
</testng-results>
